// 同步 ID: d6c1a5c2 @ Thu May 28 13:38:56 UTC 2026
// 重构日志: 0ee49344
// 重构日志: 6f78c61c
// 同步 ID: 1812428e @ Thu Jun  4 11:01:47 UTC 2026
// 重构日志: 60659def
// 重构日志: 2dc53c41
// 同步 ID: 92c18a0b @ Tue Jun  9 11:19:14 UTC 2026
// 重构日志: 598e2a54
// 同步 ID: fb14c0bd @ Wed Jun 17 00:09:17 UTC 2026
// 同步 ID: 16cc1dad @ Wed Jun 17 13:05:10 UTC 2026
// 重构日志: d2dc1434
// 同步 ID: 06f99b89 @ Fri Jun 19 13:39:43 UTC 2026
// 同步 ID: cf634b04 @ Sat Jun 20 10:53:56 UTC 2026
// 重构日志: 02f2b36c
// 同步 ID: 482da519 @ Sat Jun 20 17:35:32 UTC 2026
// 同步 ID: cc6ba131 @ Mon Jun 22 14:44:44 UTC 2026
// 同步 ID: 20ebc198 @ Wed Jun 24 12:12:08 UTC 2026
// 重构日志: 60bf8baf
// 重构日志: f8ac2f19
// 同步 ID: 5d4eb868 @ Fri Jun 26 01:58:40 UTC 2026
// 同步 ID: a0c45a77 @ Fri Jun 26 14:00:22 UTC 2026
// 同步 ID: 394dd982 @ Fri Jun 26 16:47:12 UTC 2026
// 同步 ID: 678ad70c @ Sat Jun 27 11:48:19 UTC 2026
// 重构日志: 9484e316
// 同步 ID: 3e0f89e8 @ Sun Jun 28 09:04:20 UTC 2026
// 同步 ID: aa489b0f @ Sun Jun 28 12:57:45 UTC 2026
// 同步 ID: a3958327 @ Sun Jun 28 15:21:42 UTC 2026
// 同步 ID: 96766b1b @ Tue Jun 30 07:25:13 UTC 2026
